00:41:15.214 [ApplicationImpl pooled thread 58] INFO  c.b.l.BrowserStackRunExtension - maven
00:41:15.217 [ApplicationImpl pooled thread 58] INFO  com.browserstack.utils.Helpers - null
00:41:25.185 [ApplicationImpl pooled thread 75] INFO  c.b.l.BrowserStackRunExtension - maven
00:41:25.185 [ApplicationImpl pooled thread 75] INFO  com.browserstack.utils.Helpers - null
15:59:44.304 [ApplicationImpl pooled thread 345] INFO  c.b.l.BrowserStackRunExtension - maven
15:59:44.305 [ApplicationImpl pooled thread 345] INFO  com.browserstack.utils.Helpers - null
16:00:06.810 [ApplicationImpl pooled thread 323] INFO  c.b.l.BrowserStackRunExtension - maven
16:00:06.810 [ApplicationImpl pooled thread 323] INFO  com.browserstack.utils.Helpers - null
16:07:00.662 [ApplicationImpl pooled thread 364] INFO  c.b.l.BrowserStackRunExtension - maven
16:07:00.663 [ApplicationImpl pooled thread 364] INFO  com.browserstack.utils.Helpers - null
16:07:06.160 [ApplicationImpl pooled thread 348] INFO  c.b.l.BrowserStackRunExtension - maven
16:07:06.160 [ApplicationImpl pooled thread 348] INFO  com.browserstack.utils.Helpers - null
16:07:43.361 [ApplicationImpl pooled thread 368] INFO  c.b.l.BrowserStackRunExtension - maven
16:07:43.363 [ApplicationImpl pooled thread 368] INFO  com.browserstack.utils.Helpers - null
19:53:28.428 [ApplicationImpl pooled thread 525] INFO  c.b.l.BrowserStackRunExtension - maven
19:53:28.428 [ApplicationImpl pooled thread 525] INFO  com.browserstack.utils.Helpers - null
23:43:36.565 [ApplicationImpl pooled thread 654] INFO  c.b.l.BrowserStackRunExtension - maven
23:43:36.565 [ApplicationImpl pooled thread 654] INFO  com.browserstack.utils.Helpers - null
23:46:52.183 [ApplicationImpl pooled thread 663] INFO  c.b.l.BrowserStackRunExtension - maven
23:46:52.183 [ApplicationImpl pooled thread 663] INFO  com.browserstack.utils.Helpers - null
00:02:22.957 [ApplicationImpl pooled thread 700] INFO  c.b.l.BrowserStackRunExtension - maven
00:02:22.957 [ApplicationImpl pooled thread 700] INFO  com.browserstack.utils.Helpers - null
00:02:28.493 [ApplicationImpl pooled thread 704] INFO  c.b.l.BrowserStackRunExtension - maven
00:02:28.493 [ApplicationImpl pooled thread 704] INFO  com.browserstack.utils.Helpers - null
00:11:33.133 [ApplicationImpl pooled thread 709] INFO  c.b.l.BrowserStackRunExtension - maven
00:11:33.133 [ApplicationImpl pooled thread 709] INFO  com.browserstack.utils.Helpers - null
19:53:41.569 [ApplicationImpl pooled thread 475] INFO  c.b.l.BrowserStackRunExtension - maven
19:53:41.571 [ApplicationImpl pooled thread 475] INFO  com.browserstack.utils.Helpers - null
19:55:28.289 [ApplicationImpl pooled thread 459] INFO  c.b.l.BrowserStackRunExtension - maven
19:55:28.291 [ApplicationImpl pooled thread 459] INFO  com.browserstack.utils.Helpers - null
19:55:37.137 [ApplicationImpl pooled thread 477] INFO  c.b.l.BrowserStackRunExtension - maven
19:55:37.138 [ApplicationImpl pooled thread 477] INFO  com.browserstack.utils.Helpers - null
19:59:21.125 [ApplicationImpl pooled thread 481] INFO  c.b.l.BrowserStackRunExtension - maven
19:59:21.126 [ApplicationImpl pooled thread 481] INFO  com.browserstack.utils.Helpers - null
20:00:44.440 [ApplicationImpl pooled thread 484] INFO  c.b.l.BrowserStackRunExtension - maven
20:00:44.441 [ApplicationImpl pooled thread 484] INFO  com.browserstack.utils.Helpers - null
20:01:17.706 [ApplicationImpl pooled thread 487] INFO  c.b.l.BrowserStackRunExtension - maven
20:01:17.707 [ApplicationImpl pooled thread 487] INFO  com.browserstack.utils.Helpers - null
20:01:19.721 [ApplicationImpl pooled thread 490] INFO  c.b.l.BrowserStackRunExtension - maven
20:01:19.721 [ApplicationImpl pooled thread 490] INFO  com.browserstack.utils.Helpers - null
20:08:01.751 [ApplicationImpl pooled thread 513] INFO  c.b.l.BrowserStackRunExtension - maven
20:08:01.752 [ApplicationImpl pooled thread 513] INFO  com.browserstack.utils.Helpers - null
20:09:32.767 [ApplicationImpl pooled thread 505] INFO  c.b.l.BrowserStackRunExtension - maven
20:09:32.767 [ApplicationImpl pooled thread 505] INFO  com.browserstack.utils.Helpers - null
20:10:26.494 [ApplicationImpl pooled thread 508] INFO  c.b.l.BrowserStackRunExtension - maven
20:10:26.495 [ApplicationImpl pooled thread 508] INFO  com.browserstack.utils.Helpers - null
20:12:19.917 [ApplicationImpl pooled thread 510] INFO  c.b.l.BrowserStackRunExtension - maven
20:12:19.917 [ApplicationImpl pooled thread 510] INFO  com.browserstack.utils.Helpers - null
20:13:48.599 [ApplicationImpl pooled thread 534] INFO  c.b.l.BrowserStackRunExtension - maven
20:13:48.599 [ApplicationImpl pooled thread 534] INFO  com.browserstack.utils.Helpers - null
20:14:05.362 [ApplicationImpl pooled thread 508] INFO  c.b.l.BrowserStackRunExtension - maven
20:14:05.362 [ApplicationImpl pooled thread 508] INFO  com.browserstack.utils.Helpers - null
18:16:01.872 [ApplicationImpl pooled thread 939] INFO  c.b.l.BrowserStackRunExtension - maven
18:16:01.872 [ApplicationImpl pooled thread 939] INFO  com.browserstack.utils.Helpers - null
01:20:48.818 [ApplicationImpl pooled thread 1266] INFO  c.b.l.BrowserStackRunExtension - maven
01:20:48.819 [ApplicationImpl pooled thread 1266] INFO  com.browserstack.utils.Helpers - null
01:27:47.754 [ApplicationImpl pooled thread 1267] INFO  c.b.l.BrowserStackRunExtension - maven
01:27:47.755 [ApplicationImpl pooled thread 1267] INFO  com.browserstack.utils.Helpers - null
02:31:38.427 [ApplicationImpl pooled thread 1408] INFO  c.b.l.BrowserStackRunExtension - maven
02:31:38.427 [ApplicationImpl pooled thread 1408] INFO  com.browserstack.utils.Helpers - null
22:47:33.033 [ApplicationImpl pooled thread 627] INFO  c.b.l.BrowserStackRunExtension - maven
22:47:33.035 [ApplicationImpl pooled thread 627] INFO  com.browserstack.utils.Helpers - null
22:51:23.475 [ApplicationImpl pooled thread 625] INFO  c.b.l.BrowserStackRunExtension - maven
22:51:23.476 [ApplicationImpl pooled thread 625] INFO  com.browserstack.utils.Helpers - null
23:07:25.212 [ApplicationImpl pooled thread 686] INFO  c.b.l.BrowserStackRunExtension - testng
23:07:25.213 [ApplicationImpl pooled thread 686] INFO  com.browserstack.utils.Helpers - null
23:07:25.214 [ApplicationImpl pooled thread 686] INFO  com.browserstack.utils.Helpers - /Users/adarsh/.m2/repository/com/browserstack/browserstack-java-sdk/1.10.2/browserstack-java-sdk-1.10.2.jar
23:07:25.214 [ApplicationImpl pooled thread 686] INFO  c.b.l.BrowserStackRunExtension - Agent path: /Users/adarsh/.m2/repository/com/browserstack/browserstack-java-sdk/1.10.2/browserstack-java-sdk-1.10.2.jar
23:07:25.214 [ApplicationImpl pooled thread 686] INFO  c.b.l.BrowserStackRunExtension - Plugin version: v1.1.2
23:13:55.476 [ApplicationImpl pooled thread 697] INFO  c.b.l.BrowserStackRunExtension - testng
23:13:55.477 [ApplicationImpl pooled thread 697] INFO  com.browserstack.utils.Helpers - null
23:13:55.480 [ApplicationImpl pooled thread 697] INFO  com.browserstack.utils.Helpers - /Users/adarsh/.m2/repository/com/browserstack/browserstack-java-sdk/1.10.2/browserstack-java-sdk-1.10.2.jar
23:13:55.480 [ApplicationImpl pooled thread 697] INFO  c.b.l.BrowserStackRunExtension - Agent path: /Users/adarsh/.m2/repository/com/browserstack/browserstack-java-sdk/1.10.2/browserstack-java-sdk-1.10.2.jar
23:13:55.480 [ApplicationImpl pooled thread 697] INFO  c.b.l.BrowserStackRunExtension - Plugin version: v1.1.2
23:16:44.609 [ApplicationImpl pooled thread 688] INFO  c.b.l.BrowserStackRunExtension - testng
23:16:44.610 [ApplicationImpl pooled thread 688] INFO  com.browserstack.utils.Helpers - null
23:16:44.611 [ApplicationImpl pooled thread 688] INFO  com.browserstack.utils.Helpers - /Users/adarsh/.m2/repository/com/browserstack/browserstack-java-sdk/1.10.2/browserstack-java-sdk-1.10.2.jar
23:16:44.611 [ApplicationImpl pooled thread 688] INFO  c.b.l.BrowserStackRunExtension - Agent path: /Users/adarsh/.m2/repository/com/browserstack/browserstack-java-sdk/1.10.2/browserstack-java-sdk-1.10.2.jar
23:16:44.611 [ApplicationImpl pooled thread 688] INFO  c.b.l.BrowserStackRunExtension - Plugin version: v1.1.2
23:19:10.143 [ApplicationImpl pooled thread 718] INFO  c.b.l.BrowserStackRunExtension - testng
23:19:10.144 [ApplicationImpl pooled thread 718] INFO  com.browserstack.utils.Helpers - null
23:19:10.146 [ApplicationImpl pooled thread 718] INFO  com.browserstack.utils.Helpers - /Users/adarsh/.m2/repository/com/browserstack/browserstack-java-sdk/1.10.2/browserstack-java-sdk-1.10.2.jar
23:19:10.146 [ApplicationImpl pooled thread 718] INFO  c.b.l.BrowserStackRunExtension - Agent path: /Users/adarsh/.m2/repository/com/browserstack/browserstack-java-sdk/1.10.2/browserstack-java-sdk-1.10.2.jar
23:19:10.146 [ApplicationImpl pooled thread 718] INFO  c.b.l.BrowserStackRunExtension - Plugin version: v1.1.2
01:47:16.287 [ApplicationImpl pooled thread 905] INFO  c.b.l.BrowserStackRunExtension - maven
01:47:16.287 [ApplicationImpl pooled thread 905] INFO  com.browserstack.utils.Helpers - null
16:16:37.453 [ApplicationImpl pooled thread 1105] INFO  c.b.l.BrowserStackRunExtension - maven
16:16:37.454 [ApplicationImpl pooled thread 1105] INFO  com.browserstack.utils.Helpers - null
16:25:05.625 [ApplicationImpl pooled thread 1144] INFO  c.b.l.BrowserStackRunExtension - maven
16:25:05.625 [ApplicationImpl pooled thread 1144] INFO  com.browserstack.utils.Helpers - null
